{"C:\\Users\\yinjun\\Desktop\\zhihu-org\\front-end\\jest.setup.js": {"path":"C:\\Users\\yinjun\\Desktop\\zhihu-org\\front-end\\jest.setup.js","statementMap":{"0":{"start":{"line":1,"column":15},"end":{"line":1,"column":32}},"1":{"start":{"line":2,"column":16},"end":{"line":2,"column":50}},"2":{"start":{"line":4,"column":0},"end":{"line":4,"column":44}}},"fnMap":{},"branchMap":{},"s":{"0":1,"1":1,"2":1},"f":{},"b":{},"_coverageSchema":"332fd63041d2c1bcb487cc26dd0d5f7d97098a6c","hash":"ded05f2e9d96153df8b0466f6746582bef5216c9"}
,"C:\\Users\\yinjun\\Desktop\\zhihu-org\\front-end\\components\\avatar\\Avatar.tsx": {"path":"C:\\Users\\yinjun\\Desktop\\zhihu-org\\front-end\\components\\avatar\\Avatar.tsx","statementMap":{"0":{"start":{"line":11,"column":40},"end":{"line":37,"column":1}},"1":{"start":{"line":20,"column":14},"end":{"line":26,"column":3}},"2":{"start":{"line":28,"column":2},"end":{"line":36,"column":4}},"3":{"start":{"line":39,"column":0},"end":{"line":45,"column":1}}},"fnMap":{"0":{"name":"(anonymous_0)","decl":{"start":{"line":11,"column":40},"end":{"line":11,"column":41}},"loc":{"start":{"line":19,"column":6},"end":{"line":37,"column":1}},"line":19}},"branchMap":{},"s":{"0":1,"1":1,"2":1,"3":1},"f":{"0":1},"b":{},"_coverageSchema":"332fd63041d2c1bcb487cc26dd0d5f7d97098a6c","hash":"57e34e0177b1cac9f1d6902bd30ca04cc012c884"}
}
